<?xml version="1.0" encoding="UTF-8"?>
<!-- Generated by org.testng.reporters.JUnitReportReporter -->
<testsuite skipped="0" hostname="slearn-xbt" name="test.Testcase1" tests="3" failures="0" timestamp="2021-06-07T05:49:55 MYT" time="0.011" errors="0">
  <testcase name="LoginTest" time="0.008" classname="test.Testcase1"/>
  <system-out/>
  <testcase name="RandomName" time="0.001" classname="test.Testcase1"/>
  <system-out/>
  <testcase name="SignUpTest" time="0.002" classname="test.Testcase1"/>
  <system-out/>
</testsuite> <!-- test.Testcase1 -->
