<?xml version="1.0" encoding="UTF-8"?>
<!-- Generated by org.testng.reporters.JUnitReportReporter -->
<testsuite skipped="1" hostname="slearn-xbt" name="shoppingTest.LoginTestSD" tests="3" failures="0" timestamp="2021-06-26T15:16:48 MYT" time="2.097" errors="0">
  <testcase name="AddToCartTest" time="0.655" classname="shoppingTest.LoginTestSD"/>
  <system-out/>
  <testcase name="LoginTestCase2" time="1.442" classname="shoppingTest.LoginTestSD"/>
  <system-out/>
  <testcase name="LoginTestCase" classname="shoppingTest.LoginTestSD">
    <skipped/>
  </testcase> <!-- LoginTestCase -->
  <system-out/>
</testsuite> <!-- shoppingTest.LoginTestSD -->
