<?xml version="1.0" encoding="UTF-8"?>
<!-- Generated by org.testng.reporters.JUnitReportReporter -->
<testsuite skipped="1" hostname="slearn-xbt" name="test.LoginTest" tests="2" failures="0" timestamp="2021-06-26T13:53:24 MYT" time="8.995" errors="0">
  <testcase name="LoginTestcase2" time="8.995" classname="test.LoginTest"/>
  <system-out/>
  <testcase name="Login" classname="test.LoginTest">
    <skipped/>
  </testcase> <!-- Login -->
  <system-out/>
</testsuite> <!-- test.LoginTest -->
