<?xml version="1.0" encoding="UTF-8"?>
<!-- Generated by org.testng.reporters.JUnitReportReporter -->
<testsuite skipped="0" hostname="slearn-xbt" name="shoppingTest.LoginTestSD" tests="2" failures="0" timestamp="2021-06-20T14:58:07 MYT" time="0.894" errors="0">
  <testcase name="LoginSwagLabs" time="0.685" classname="shoppingTest.LoginTestSD"/>
  <system-out/>
  <testcase name="AddToCart" time="0.209" classname="shoppingTest.LoginTestSD"/>
  <system-out/>
</testsuite> <!-- shoppingTest.LoginTestSD -->
