<?xml version="1.0" encoding="UTF-8"?>
<!-- Generated by org.testng.reporters.JUnitReportReporter -->
<testsuite skipped="0" hostname="slearn-xbt" name="test.LoginTestNS" tests="1" failures="0" timestamp="2021-06-07T06:46:10 MYT" time="15.742" errors="0">
  <testcase name="Login" time="15.742" classname="test.LoginTestNS"/>
  <system-out/>
</testsuite> <!-- test.LoginTestNS -->
