<?xml version="1.0" encoding="UTF-8"?>
<!-- Generated by org.testng.reporters.JUnitReportReporter -->
<testsuite skipped="0" hostname="slearn-xbt" name="test.LoginTest" tests="1" failures="0" timestamp="2021-06-26T13:33:44 MYT" time="9.547" errors="0">
  <testcase name="Login" time="9.547" classname="test.LoginTest"/>
  <system-out/>
</testsuite> <!-- test.LoginTest -->
