<?xml version="1.0" encoding="UTF-8"?>
<!-- Generated by org.testng.reporters.JUnitReportReporter -->
<testsuite skipped="0" hostname="slearn-xbt" name="test.Testcase2" tests="4" failures="0" timestamp="2021-06-07T05:49:55 MYT" time="0.011" errors="0">
  <testcase name="HomePageTest" time="0.001" classname="test.Testcase2"/>
  <system-out/>
  <testcase name="ClickAbout" time="0.001" classname="test.Testcase2"/>
  <system-out/>
  <testcase name="HomePageTest1" time="0.006" classname="test.Testcase2"/>
  <system-out/>
  <testcase name="HomePageTest2" time="0.003" classname="test.Testcase2"/>
  <system-out/>
</testsuite> <!-- test.Testcase2 -->
