<?xml version="1.0" encoding="UTF-8"?>
<!-- Generated by org.testng.reporters.JUnitReportReporter -->
<testsuite skipped="0" hostname="slearn-xbt" name="test1.Testcase3" tests="1" failures="0" timestamp="2021-06-07T02:18:33 MYT" time="0.001" errors="0">
  <testcase name="CheckoutPageTest" time="0.001" classname="test1.Testcase3"/>
  <system-out/>
</testsuite> <!-- test1.Testcase3 -->
